IT21041648 H.M.A.I.B/app/build/outputs/logs/manifest-merger-debug-report.txt
-- Merging decision tree log ---
manifest
ADDED from src\main\AndroidManifest.xml:2:1-36:12
INJECTED from src\main\AndroidManifest.xml:2:1-36:12
INJECTED from src\main\AndroidManifest.xml:2:1-36:12
INJECTED from src\main\AndroidManifest.xml:2:1-36:12
MERGED from [com.google.android.material:material:1.6.1] AndroidManifest.xml:17:1-26:12
MERGED from [androidx.constraintlayout:constraintlayout:2.1.4] AndroidManifest.xml:2:1-11:12
MERGED from [androidx.appcompat:appcompat-resources:1.5.1] AndroidManifest.xml:17:1-22:12
MERGED from [androidx.appcompat:appcompat:1.5.1] AndroidManifest.xml:17:1-22:12
MERGED from [com.firebaseui:firebase-ui-database:7.1.1] AndroidManifest.xml:2:1-13:12
MERGED from [com.google.firebase:firebase-database:20.1.0] AndroidManifest.xml:15:1-37:12
MERGED from [androidx.viewpager2:viewpager2:1.0.0] AndroidManifest.xml:17:1-24:12
MERGED from [androidx.recyclerview:recyclerview:1.2.1] AndroidManifest.xml:17:1-24:12
MERGED from [androidx.cardview:cardview:1.0.0] AndroidManifest.xml:17:1-22:12
MERGED from [com.github.bumptech.glide:glide:4.14.2] AndroidManifest.xml:2:1-11:12
MERGED from [de.hdodenhof:circleimageview:3.1.0] AndroidManifest.xml:2:1-11:12
MERGED from [com.orhanobut:dialogplus:1.11] AndroidManifest.xml:2:1-10:12
MERGED from [com.google.firebase:firebase-appcheck-interop:16.1.0] AndroidManifest.xml:15:1-25:12
MERGED from [com.google.firebase:firebase-database-collection:18.0.1] AndroidManifest.xml:2:1-9:12
MERGED from [com.google.android.gms:play-services-base:18.0.1] AndroidManifest.xml:16:1-24:12
MERGED from [com.google.firebase:firebase-auth-interop:19.0.2] AndroidManifest.xml:2:1-10:12
MERGED from [com.google.firebase:firebase-common:20.2.0] AndroidManifest.xml:15:1-39:12
MERGED from [com.google.android.gms:play-services-tasks:18.0.1] AndroidManifest.xml:2:1-6:12
MERGED from [com.google.android.gms:play-services-basement:18.1.0] AndroidManifest.xml:16:1-26:12
MERGED from [androidx.legacy:legacy-support-v4:1.0.0] AndroidManifest.xml:17:1-22:12
MERGED from [androidx.fragment:fragment:1.3.6] AndroidManifest.xml:17:1-24:12
MERGED from [androidx.activity:activity:1.5.1] AndroidManifest.xml:17:1-24:12
MERGED from [com.firebaseui:firebase-ui-common:7.1.1] AndroidManifest.xml:2:1-11:12
MERGED from [androidx.dynamicanimation:dynamicanimation:1.0.0] AndroidManifest.xml:17:1-22:12
MERGED from [androidx.legacy:legacy-support-core-ui:1.0.0] AndroidManifest.xml:17:1-22:12
MERGED from [androidx.legacy:legacy-support-core-utils:1.0.0] AndroidManifest.xml:17:1-22:12
MERGED from [androidx.loader:loader:1.0.0] AndroidManifest.xml:17:1-22:12
MERGED from [androidx.lifecycle:lifecycle-viewmodel:2.5.1] AndroidManifest.xml:17:1-24:12
MERGED from [androidx.lifecycle:lifecycle-viewmodel-savedstate:2.5.1] AndroidManifest.xml:17:1-24:12
MERGED from [androidx.core:core-ktx:1.8.0] AndroidManifest.xml:2:1-9:12
MERGED from [androidx.emoji2:emoji2-views-helper:1.2.0] AndroidManifest.xml:2:1-7:12
MERGED from [androidx.emoji2:emoji2:1.2.0] AndroidManifest.xml:17:1-35:12
MERGED from [androidx.drawerlayout:drawerlayout:1.1.1] AndroidManifest.xml:17:1-24:12
MERGED from [androidx.coordinatorlayout:coordinatorlayout:1.1.0] AndroidManifest.xml:17:1-24:12
MERGED from [androidx.transition:transition:1.2.0] AndroidManifest.xml:17:1-24:12
MERGED from [androidx.vectordrawable:vectordrawable-animated:1.1.0] AndroidManifest.xml:17:1-24:12
MERGED from [androidx.vectordrawable:vectordrawable:1.1.0] AndroidManifest.xml:17:1-24:12
MERGED from [androidx.viewpager:viewpager:1.0.0] AndroidManifest.xml:17:1-22:12
MERGED from [androidx.slidingpanelayout:slidingpanelayout:1.0.0] AndroidManifest.xml:17:1-22:12
MERGED from [androidx.customview:customview:1.1.0] AndroidManifest.xml:17:1-24:12
MERGED from [androidx.media:media:1.0.0] AndroidManifest.xml:17:1-22:12
MERGED from [androidx.swiperefreshlayout:swiperefreshlayout:1.0.0] AndroidManifest.xml:17:1-22:12
MERGED from [androidx.asynclayoutinflater:asynclayoutinflater:1.0.0] AndroidManifest.xml:17:1-22:12
MERGED from [androidx.core:core:1.8.0] AndroidManifest.xml:17:1-26:12
MERGED from [androidx.cursoradapter:cursoradapter:1.0.0] AndroidManifest.xml:17:1-22:12
MERGED from [androidx.lifecycle:lifecycle-process:2.4.1] AndroidManifest.xml:17:1-37:12
MERGED from [androidx.lifecycle:lifecycle-runtime:2.5.1] AndroidManifest.xml:17:1-24:12
MERGED from [androidx.savedstate:savedstate:1.2.0] AndroidManifest.xml:17:1-24:12
MERGED from [com.google.firebase:firebase-components:17.0.1] AndroidManifest.xml:15:1-23:12
MERGED from [com.github.bumptech.glide:gifdecoder:4.14.2] AndroidManifest.xml:2:1-11:12
MERGED from [androidx.exifinterface:exifinterface:1.3.3] AndroidManifest.xml:17:1-24:12
MERGED from [androidx.startup:startup-runtime:1.1.1] AndroidManifest.xml:17:1-33:12
MERGED from [androidx.tracing:tracing:1.0.0] AndroidManifest.xml:17:1-24:12
MERGED from [androidx.versionedparcelable:versionedparcelable:1.1.1] AndroidManifest.xml:17:1-27:12
MERGED from [androidx.lifecycle:lifecycle-livedata:2.0.0] AndroidManifest.xml:17:1-22:12
MERGED from [androidx.lifecycle:lifecycle-livedata-core:2.5.1] AndroidManifest.xml:17:1-24:12
MERGED from [androidx.arch.core:core-runtime:2.1.0] AndroidManifest.xml:17:1-24:12
MERGED from [androidx.interpolator:interpolator:1.0.0] AndroidManifest.xml:17:1-22:12
MERGED from [androidx.documentfile:documentfile:1.0.0] AndroidManifest.xml:17:1-22:12
MERGED from [androidx.localbroadcastmanager:localbroadcastmanager:1.0.0] AndroidManifest.xml:17:1-22:12
MERGED from [androidx.print:print:1.0.0] AndroidManifest.xml:17:1-22:12
MERGED from [androidx.annotation:annotation-experimental:1.1.0] AndroidManifest.xml:17:1-24:12
INJECTED from src\main\AndroidManifest.xml:2:1-36:12
INJECTED from src\main\AndroidManifest.xml:2:1-36:12
INJECTED from src\main\AndroidManifest.xml:2:1-36:12
	package
		ADDED from src\main\AndroidManifest.xml:4:5-37
		INJECTED from src\main\AndroidManifest.xml
		INJECTED from src\main\AndroidManifest.xml
	android:versionName
		INJECTED from src\main\AndroidManifest.xml
		ADDED from src\main\AndroidManifest.xml:2:1-36:12
		INJECTED from src\main\AndroidManifest.xml
	xmlns:tools
		ADDED from src\main\AndroidManifest.xml:3:5-51
	android:versionCode
		INJECTED from src\main\AndroidManifest.xml
		ADDED from src\main\AndroidManifest.xml:2:1-36:12
		INJECTED from src\main\AndroidManifest.xml
	xmlns:android
		ADDED from src\main\AndroidManifest.xml:2:11-69
application
ADDED from src\main\AndroidManifest.xml:6:5-34:19
MERGED from [com.google.android.material:material:1.6.1] AndroidManifest.xml:24:5-20
MERGED from [com.google.android.material:material:1.6.1] AndroidManifest.xml:24:5-20
MERGED from [androidx.constraintlayout:constraintlayout:2.1.4] AndroidManifest.xml:9:5-20
MERGED from [androidx.constraintlayout:constraintlayout:2.1.4] AndroidManifest.xml:9:5-20
MERGED from [com.google.firebase:firebase-database:20.1.0] AndroidManifest.xml:27:5-35:19
MERGED from [com.google.firebase:firebase-database:20.1.0] AndroidManifest.xml:27:5-35:19
MERGED from [com.github.bumptech.glide:glide:4.14.2] AndroidManifest.xml:9:5-20
MERGED from [com.github.bumptech.glide:glide:4.14.2] AndroidManifest.xml:9:5-20
MERGED from [de.hdodenhof:circleimageview:3.1.0] AndroidManifest.xml:9:5-20
MERGED from [de.hdodenhof:circleimageview:3.1.0] AndroidManifest.xml:9:5-20
MERGED from [com.google.firebase:firebase-appcheck-interop:16.1.0] AndroidManifest.xml:23:5-20
MERGED from [com.google.firebase:firebase-appcheck-interop:16.1.0] AndroidManifest.xml:23:5-20
MERGED from [com.google.android.gms:play-services-base:18.0.1] AndroidManifest.xml:19:5-23:19
MERGED from [com.google.android.gms:play-services-base:18.0.1] AndroidManifest.xml:19:5-23:19
MERGED from [com.google.firebase:firebase-auth-interop:19.0.2] AndroidManifest.xml:7:5-8:19
MERGED from [com.google.firebase:firebase-auth-interop:19.0.2] AndroidManifest.xml:7:5-8:19
MERGED from [com.google.firebase:firebase-common:20.2.0] AndroidManifest.xml:24:5-37:19
MERGED from [com.google.firebase:firebase-common:20.2.0] AndroidManifest.xml:24:5-37:19
MERGED from [com.google.android.gms:play-services-tasks:18.0.1] AndroidManifest.xml:5:5-20
MERGED from [com.google.android.gms:play-services-tasks:18.0.1] AndroidManifest.xml:5:5-20
MERGED from [com.google.android.gms:play-services-basement:18.1.0] AndroidManifest.xml:20:5-24:19
MERGED from [com.google.android.gms:play-services-basement:18.1.0] AndroidManifest.xml:20:5-24:19
MERGED from [androidx.emoji2:emoji2:1.2.0] AndroidManifest.xml:23:5-33:19
MERGED from [androidx.emoji2:emoji2:1.2.0] AndroidManifest.xml:23:5-33:19
MERGED from [androidx.core:core:1.8.0] AndroidManifest.xml:24:5-89
MERGED from [androidx.core:core:1.8.0] AndroidManifest.xml:24:5-89
MERGED from [androidx.lifecycle:lifecycle-process:2.4.1] AndroidManifest.xml:25:5-35:19
MERGED from [androidx.lifecycle:lifecycle-process:2.4.1] AndroidManifest.xml:25:5-35:19
MERGED from [com.github.bumptech.glide:gifdecoder:4.14.2] AndroidManifest.xml:9:5-20
MERGED from [com.github.bumptech.glide:gifdecoder:4.14.2] AndroidManifest.xml:9:5-20
MERGED from [androidx.startup:startup-runtime:1.1.1] AndroidManifest.xml:25:5-31:19
MERGED from [androidx.startup:startup-runtime:1.1.1] AndroidManifest.xml:25:5-31:19
MERGED from [androidx.versionedparcelable:versionedparcelable:1.1.1] AndroidManifest.xml:24:5-25:19
MERGED from [androidx.versionedparcelable:versionedparcelable:1.1.1] AndroidManifest.xml:24:5-25:19
	android:appComponentFactory
		ADDED from [androidx.core:core:1.8.0] AndroidManifest.xml:24:18-86
	android:supportsRtl
		ADDED from src\main\AndroidManifest.xml:13:9-35
	android:label
		ADDED from src\main\AndroidManifest.xml:11:9-41
	android:fullBackupContent
		ADDED from src\main\AndroidManifest.xml:9:9-54
	android:roundIcon
		ADDED from src\main\AndroidManifest.xml:12:9-54
	tools:targetApi
		ADDED from src\main\AndroidManifest.xml:15:9-29
	android:icon
		ADDED from src\main\AndroidManifest.xml:10:9-43
	android:allowBackup
		ADDED from src\main\AndroidManifest.xml:7:9-35
	android:theme
		ADDED from src\main\AndroidManifest.xml:14:9-48
	android:dataExtractionRules
		ADDED from src\main\AndroidManifest.xml:8:9-65
activity#com.example.simplemeds.signup
ADDED from src\main\AndroidManifest.xml:16:9-44
	android:name
		ADDED from src\main\AndroidManifest.xml:16:19-41
activity#com.example.simplemeds.login
ADDED from src\main\AndroidManifest.xml:17:9-43
	android:name
		ADDED from src\main\AndroidManifest.xml:17:19-40
activity#com.example.simplemeds.userhome
ADDED from src\main\AndroidManifest.xml:18:9-46
	android:name
		ADDED from src\main\AndroidManifest.xml:18:19-43
activity#com.example.simplemeds.profile
ADDED from src\main\AndroidManifest.xml:19:9-45
	android:name
		ADDED from src\main\AndroidManifest.xml:19:19-42
activity#com.example.simplemeds.profile_edit
ADDED from src\main\AndroidManifest.xml:20:9-50
	android:name
		ADDED from src\main\AndroidManifest.xml:20:19-47
activity#com.example.simplemeds.managecarhome
ADDED from src\main\AndroidManifest.xml:21:9-51
	android:name
		ADDED from src\main\AndroidManifest.xml:21:19-48
activity#com.example.simplemeds.addcar
ADDED from src\main\AndroidManifest.xml:22:9-44
	android:name
		ADDED from src\main\AndroidManifest.xml:22:19-41
activity#com.example.simplemeds.managecar
ADDED from src\main\AndroidManifest.xml:23:9-47
	android:name
		ADDED from src\main\AndroidManifest.xml:23:19-44
activity#com.example.simplemeds.home
ADDED from src\main\AndroidManifest.xml:25:9-33:20
	android:exported
		ADDED from src\main\AndroidManifest.xml:27:13-36
	android:name
		ADDED from src\main\AndroidManifest.xml:26:13-33
intent-filter#action:name:android.intent.action.MAIN+category:name:android.intent.category.LAUNCHER
ADDED from src\main\AndroidManifest.xml:28:13-32:29
action#android.intent.action.MAIN
ADDED from src\main\AndroidManifest.xml:29:17-69
	android:name
		ADDED from src\main\AndroidManifest.xml:29:25-66
category#android.intent.category.LAUNCHER
ADDED from src\main\AndroidManifest.xml:31:17-77
	android:name
		ADDED from src\main\AndroidManifest.xml:31:27-74
uses-sdk
INJECTED from src\main\AndroidManifest.xml reason: use-sdk injection requested
INJECTED from src\main\AndroidManifest.xml
INJECTED from src\main\AndroidManifest.xml
MERGED from [com.google.android.material:material:1.6.1] AndroidManifest.xml:20:5-22:41
MERGED from [com.google.android.material:material:1.6.1] AndroidManifest.xml:20:5-22:41
MERGED from [androidx.constraintlayout:constraintlayout:2.1.4] AndroidManifest.xml:5:5-7:41
MERGED from [androidx.constraintlayout:constraintlayout:2.1.4] AndroidManifest.xml:5:5-7:41
MERGED from [androidx.appcompat:appcompat-resources:1.5.1] AndroidManifest.xml:20:5-44
MERGED from [androidx.appcompat:appcompat-resources:1.5.1] AndroidManifest.xml:20:5-44
MERGED from [androidx.appcompat:appcompat:1.5.1] AndroidManifest.xml:20:5-44
MERGED from [androidx.appcompat:appcompat:1.5.1] AndroidManifest.xml:20:5-44
MERGED from [com.firebaseui:firebase-ui-database:7.1.1] AndroidManifest.xml:7:5-9:41
MERGED from [com.firebaseui:firebase-ui-database:7.1.1] AndroidManifest.xml:7:5-9:41
MERGED from [com.google.firebase:firebase-database:20.1.0] AndroidManifest.xml:18:5-20:41
MERGED from [com.google.firebase:firebase-database:20.1.0] AndroidManifest.xml:18:5-20:41
MERGED from [androidx.viewpager2:viewpager2:1.0.0] AndroidManifest.xml:20:5-22:41
MERGED from [androidx.viewpager2:viewpager2:1.0.0] AndroidManifest.xml:20:5-22:41
MERGED from [androidx.recyclerview:recyclerview:1.2.1] AndroidManifest.xml:20:5-22:41
MERGED from [androidx.recyclerview:recyclerview:1.2.1] AndroidManifest.xml:20:5-22:41
MERGED from [androidx.cardview:cardview:1.0.0] AndroidManifest.xml:20:5-44
MERGED from [androidx.cardview:cardview:1.0.0] AndroidManifest.xml:20:5-44
MERGED from [com.github.bumptech.glide:glide:4.14.2] AndroidManifest.xml:5:5-7:41
MERGED from [com.github.bumptech.glide:glide:4.14.2] AndroidManifest.xml:5:5-7:41
MERGED from [de.hdodenhof:circleimageview:3.1.0] AndroidManifest.xml:5:5-7:41
MERGED from [de.hdodenhof:circleimageview:3.1.0] AndroidManifest.xml:5:5-7:41
MERGED from [com.orhanobut:dialogplus:1.11] AndroidManifest.xml:6:5-8:41
MERGED from [com.orhanobut:dialogplus:1.11] AndroidManifest.xml:6:5-8:41
MERGED from [com.google.firebase:firebase-appcheck-interop:16.1.0] AndroidManifest.xml:18:5-20:41
MERGED from [com.google.firebase:firebase-appcheck-interop:16.1.0] AndroidManifest.xml:18:5-20:41
MERGED from [com.google.firebase:firebase-database-collection:18.0.1] AndroidManifest.xml:5:5-7:41
MERGED from [com.google.firebase:firebase-database-collection:18.0.1] AndroidManifest.xml:5:5-7:41
MERGED from [com.google.android.gms:play-services-base:18.0.1] AndroidManifest.xml:18:5-43
MERGED from [com.google.android.gms:play-services-base:18.0.1] AndroidManifest.xml:18:5-43
MERGED from [com.google.firebase:firebase-auth-interop:19.0.2] AndroidManifest.xml:5:5-44
MERGED from [com.google.firebase:firebase-auth-interop:19.0.2] AndroidManifest.xml:5:5-44
MERGED from [com.google.firebase:firebase-common:20.2.0] AndroidManifest.xml:19:5-21:41
MERGED from [com.google.firebase:firebase-common:20.2.0] AndroidManifest.xml:19:5-21:41
MERGED from [com.google.android.gms:play-services-tasks:18.0.1] AndroidManifest.xml:4:5-43
MERGED from [com.google.android.gms:play-services-tasks:18.0.1] AndroidManifest.xml:4:5-43
MERGED from [com.google.android.gms:play-services-basement:18.1.0] AndroidManifest.xml:18:5-43
MERGED from [com.google.android.gms:play-services-basement:18.1.0] AndroidManifest.xml:18:5-43
MERGED from [androidx.legacy:legacy-support-v4:1.0.0] AndroidManifest.xml:20:5-44
MERGED from [androidx.legacy:legacy-support-v4:1.0.0] AndroidManifest.xml:20:5-44
MERGED from [androidx.fragment:fragment:1.3.6] AndroidManifest.xml:20:5-22:41
MERGED from [androidx.fragment:fragment:1.3.6] AndroidManifest.xml:20:5-22:41
MERGED from [androidx.activity:activity:1.5.1] AndroidManifest.xml:20:5-22:41
MERGED from [androidx.activity:activity:1.5.1] AndroidManifest.xml:20:5-22:41
MERGED from [com.firebaseui:firebase-ui-common:7.1.1] AndroidManifest.xml:7:5-9:41
MERGED from [com.firebaseui:firebase-ui-common:7.1.1] AndroidManifest.xml:7:5-9:41
MERGED from [androidx.dynamicanimation:dynamicanimation:1.0.0] AndroidManifest.xml:20:5-44
MERGED from [androidx.dynamicanimation:dynamicanimation:1.0.0] AndroidManifest.xml:20:5-44
MERGED from [androidx.legacy:legacy-support-core-ui:1.0.0] AndroidManifest.xml:20:5-44
MERGED from [androidx.legacy:legacy-support-core-ui:1.0.0] AndroidManifest.xml:20:5-44
MERGED from [androidx.legacy:legacy-support-core-utils:1.0.0] AndroidManifest.xml:20:5-44
MERGED from [androidx.legacy:legacy-support-core-utils:1.0.0] AndroidManifest.xml:20:5-44
MERGED from [androidx.loader:loader:1.0.0] AndroidManifest.xml:20:5-44
MERGED from [androidx.loader:loader:1.0.0] AndroidManifest.xml:20:5-44
MERGED from [androidx.lifecycle:lifecycle-viewmodel:2.5.1] AndroidManifest.xml:20:5-22:41
MERGED from [androidx.lifecycle:lifecycle-viewmodel:2.5.1] AndroidManifest.xml:20:5-22:41
MERGED from [androidx.lifecycle:lifecycle-viewmodel-savedstate:2.5.1] AndroidManifest.xml:20:5-22:41
MERGED from [androidx.lifecycle:lifecycle-viewmodel-savedstate:2.5.1] AndroidManifest.xml:20:5-22:41
MERGED from [androidx.core:core-ktx:1.8.0] AndroidManifest.xml:5:5-7:41
MERGED from [androidx.core:core-ktx:1.8.0] AndroidManifest.xml:5:5-7:41
MERGED from [androidx.emoji2:emoji2-views-helper:1.2.0] AndroidManifest.xml:5:5-44
MERGED from [androidx.emoji2:emoji2-views-helper:1.2.0] AndroidManifest.xml:5:5-44
MERGED from [androidx.emoji2:emoji2:1.2.0] AndroidManifest.xml:21:5-44
MERGED from [androidx.emoji2:emoji2:1.2.0] AndroidManifest.xml:21:5-44
MERGED from [androidx.drawerlayout:drawerlayout:1.1.1] AndroidManifest.xml:20:5-22:41
MERGED from [androidx.drawerlayout:drawerlayout:1.1.1] AndroidManifest.xml:20:5-22:41
MERGED from [androidx.coordinatorlayout:coordinatorlayout:1.1.0] AndroidManifest.xml:20:5-22:41
MERGED from [androidx.coordinatorlayout:coordinatorlayout:1.1.0] AndroidManifest.xml:20:5-22:41
MERGED from [androidx.transition:transition:1.2.0] AndroidManifest.xml:20:5-22:41
MERGED from [androidx.transition:transition:1.2.0] AndroidManifest.xml:20:5-22:41
MERGED from [androidx.vectordrawable:vectordrawable-animated:1.1.0] AndroidManifest.xml:20:5-22:41
MERGED from [androidx.vectordrawable:vectordrawable-animated:1.1.0] AndroidManifest.xml:20:5-22:41
MERGED from [androidx.vectordrawable:vectordrawable:1.1.0] AndroidManifest.xml:20:5-22:41
MERGED from [androidx.vectordrawable:vectordrawable:1.1.0] AndroidManifest.xml:20:5-22:41
MERGED from [androidx.viewpager:viewpager:1.0.0] AndroidManifest.xml:20:5-44
MERGED from [androidx.viewpager:viewpager:1.0.0] AndroidManifest.xml:20:5-44
MERGED from [androidx.slidingpanelayout:slidingpanelayout:1.0.0] AndroidManifest.xml:20:5-44
MERGED from [androidx.slidingpanelayout:slidingpanelayout:1.0.0] AndroidManifest.xml:20:5-44
MERGED from [androidx.customview:customview:1.1.0] AndroidManifest.xml:20:5-22:41
MERGED from [androidx.customview:customview:1.1.0] AndroidManifest.xml:20:5-22:41
MERGED from [androidx.media:media:1.0.0] AndroidManifest.xml:20:5-44
MERGED from [androidx.media:media:1.0.0] AndroidManifest.xml:20:5-44
MERGED from [androidx.swiperefreshlayout:swiperefreshlayout:1.0.0] AndroidManifest.xml:20:5-44
MERGED from [androidx.swiperefreshlayout:swiperefreshlayout:1.0.0] AndroidManifest.xml:20:5-44
MERGED from [androidx.asynclayoutinflater:asynclayoutinflater:1.0.0] AndroidManifest.xml:20:5-44
MERGED from [androidx.asynclayoutinflater:asynclayoutinflater:1.0.0] AndroidManifest.xml:20:5-44
MERGED from [androidx.core:core:1.8.0] AndroidManifest.xml:20:5-22:41
MERGED from [androidx.core:core:1.8.0] AndroidManifest.xml:20:5-22:41
MERGED from [androidx.cursoradapter:cursoradapter:1.0.0] AndroidManifest.xml:20:5-44
MERGED from [androidx.cursoradapter:cursoradapter:1.0.0] AndroidManifest.xml:20:5-44
MERGED from [androidx.lifecycle:lifecycle-process:2.4.1] AndroidManifest.xml:21:5-23:41
MERGED from [androidx.lifecycle:lifecycle-process:2.4.1] AndroidManifest.xml:21:5-23:41
MERGED from [androidx.lifecycle:lifecycle-runtime:2.5.1] AndroidManifest.xml:20:5-22:41
MERGED from [androidx.lifecycle:lifecycle-runtime:2.5.1] AndroidManifest.xml:20:5-22:41
MERGED from [androidx.savedstate:savedstate:1.2.0] AndroidManifest.xml:20:5-22:41
MERGED from [androidx.savedstate:savedstate:1.2.0] AndroidManifest.xml:20:5-22:41
MERGED from [com.google.firebase:firebase-components:17.0.1] AndroidManifest.xml:19:5-21:41
MERGED from [com.google.firebase:firebase-components:17.0.1] AndroidManifest.xml:19:5-21:41
MERGED from [com.github.bumptech.glide:gifdecoder:4.14.2] AndroidManifest.xml:5:5-7:41
MERGED from [com.github.bumptech.glide:gifdecoder:4.14.2] AndroidManifest.xml:5:5-7:41
MERGED from [androidx.exifinterface:exifinterface:1.3.3] AndroidManifest.xml:20:5-22:41
MERGED from [androidx.exifinterface:exifinterface:1.3.3] AndroidManifest.xml:20:5-22:41
MERGED from [androidx.startup:startup-runtime:1.1.1] AndroidManifest.xml:21:5-23:41
MERGED from [androidx.startup:startup-runtime:1.1.1] AndroidManifest.xml:21:5-23:41
MERGED from [androidx.tracing:tracing:1.0.0] AndroidManifest.xml:20:5-22:41
MERGED from [androidx.tracing:tracing:1.0.0] AndroidManifest.xml:20:5-22:41
MERGED from [androidx.versionedparcelable:versionedparcelable:1.1.1] AndroidManifest.xml:20:5-22:41
MERGED from [androidx.versionedparcelable:versionedparcelable:1.1.1] AndroidManifest.xml:20:5-22:41
MERGED from [androidx.lifecycle:lifecycle-livedata:2.0.0] AndroidManifest.xml:20:5-44
MERGED from [androidx.lifecycle:lifecycle-livedata:2.0.0] AndroidManifest.xml:20:5-44
MERGED from [androidx.lifecycle:lifecycle-livedata-core:2.5.1] AndroidManifest.xml:20:5-22:41
MERGED from [androidx.lifecycle:lifecycle-livedata-core:2.5.1] AndroidManifest.xml:20:5-22:41
MERGED from [androidx.arch.core:core-runtime:2.1.0] AndroidManifest.xml:20:5-22:41
MERGED from [androidx.arch.core:core-runtime:2.1.0] AndroidManifest.xml:20:5-22:41
MERGED from [androidx.interpolator:interpolator:1.0.0] AndroidManifest.xml:20:5-44
MERGED from [androidx.interpolator:interpolator:1.0.0] AndroidManifest.xml:20:5-44
MERGED from [androidx.documentfile:documentfile:1.0.0] AndroidManifest.xml:20:5-44
MERGED from [androidx.documentfile:documentfile:1.0.0] AndroidManifest.xml:20:5-44
MERGED from [androidx.localbroadcastmanager:localbroadcastmanager:1.0.0] AndroidManifest.xml:20:5-44
MERGED from [androidx.localbroadcastmanager:localbroadcastmanager:1.0.0] AndroidManifest.xml:20:5-44
MERGED from [androidx.print:print:1.0.0] AndroidManifest.xml:20:5-44
MERGED from [androidx.print:print:1.0.0] AndroidManifest.xml:20:5-44
MERGED from [androidx.annotation:annotation-experimental:1.1.0] AndroidManifest.xml:20:5-22:41
MERGED from [androidx.annotation:annotation-experimental:1.1.0] AndroidManifest.xml:20:5-22:41
INJECTED from src\main\AndroidManifest.xml
INJECTED from src\main\AndroidManifest.xml
	android:targetSdkVersion
		INJECTED from src\main\AndroidManifest.xml
		ADDED from src\main\AndroidManifest.xml
		INJECTED from src\main\AndroidManifest.xml
	android:minSdkVersion
		INJECTED from src\main\AndroidManifest.xml
		ADDED from src\main\AndroidManifest.xml
		INJECTED from src\main\AndroidManifest.xml
uses-permission#android.permission.INTERNET
ADDED from [com.firebaseui:firebase-ui-database:7.1.1] AndroidManifest.xml:11:5-67
MERGED from [com.google.firebase:firebase-database:20.1.0] AndroidManifest.xml:25:5-67
MERGED from [com.google.firebase:firebase-database:20.1.0] AndroidManifest.xml:25:5-67
	android:name
		ADDED from [com.firebaseui:firebase-ui-database:7.1.1] AndroidManifest.xml:11:22-64
uses-permission#android.permission.ACCESS_NETWORK_STATE
ADDED from [com.google.firebase:firebase-database:20.1.0] AndroidManifest.xml:24:5-79
	android:name
		ADDED from [com.google.firebase:firebase-database:20.1.0] AndroidManifest.xml:24:22-76
service#com.google.firebase.components.ComponentDiscoveryService
ADDED from [com.google.firebase:firebase-database:20.1.0] AndroidManifest.xml:28:9-34:19
MERGED from [com.google.firebase:firebase-common:20.2.0] AndroidManifest.xml:32:9-36:35
MERGED from [com.google.firebase:firebase-common:20.2.0] AndroidManifest.xml:32:9-36:35
	android:exported
		ADDED from [com.google.firebase:firebase-database:20.1.0] AndroidManifest.xml:30:13-37
	tools:targetApi
		ADDED from [com.google.firebase:firebase-common:20.2.0] AndroidManifest.xml:36:13-32
	android:directBootAware
		ADDED from [com.google.firebase:firebase-common:20.2.0] AndroidManifest.xml:34:13-43
	android:name
		ADDED from [com.google.firebase:firebase-database:20.1.0] AndroidManifest.xml:29:13-84
meta-data#com.google.firebase.components:com.google.firebase.database.DatabaseRegistrar
ADDED from [com.google.firebase:firebase-database:20.1.0] AndroidManifest.xml:31:13-33:85
	android:value
		ADDED from [com.google.firebase:firebase-database:20.1.0] AndroidManifest.xml:33:17-82
	android:name
		ADDED from [com.google.firebase:firebase-database:20.1.0] AndroidManifest.xml:32:17-109
activity#com.google.android.gms.common.api.GoogleApiActivity
ADDED from [com.google.android.gms:play-services-base:18.0.1] AndroidManifest.xml:20:9-22:45
	android:exported
		ADDED from [com.google.android.gms:play-services-base:18.0.1] AndroidManifest.xml:22:19-43
	android:theme
		ADDED from [com.google.android.gms:play-services-base:18.0.1] AndroidManifest.xml:21:19-78
	android:name
		ADDED from [com.google.android.gms:play-services-base:18.0.1] AndroidManifest.xml:20:19-85
provider#com.google.firebase.provider.FirebaseInitProvider
ADDED from [com.google.firebase:firebase-common:20.2.0] AndroidManifest.xml:25:9-30:39
	android:authorities
		ADDED from [com.google.firebase:firebase-common:20.2.0] AndroidManifest.xml:27:13-72
	android:exported
		ADDED from [com.google.firebase:firebase-common:20.2.0] AndroidManifest.xml:29:13-37
	android:directBootAware
		ADDED from [com.google.firebase:firebase-common:20.2.0] AndroidManifest.xml:28:13-43
	android:initOrder
		ADDED from [com.google.firebase:firebase-common:20.2.0] AndroidManifest.xml:30:13-36
	android:name
		ADDED from [com.google.firebase:firebase-common:20.2.0] AndroidManifest.xml:26:13-77
meta-data#com.google.android.gms.version
ADDED from [com.google.android.gms:play-services-basement:18.1.0] AndroidManifest.xml:21:9-23:69
	android:value
		ADDED from [com.google.android.gms:play-services-basement:18.1.0] AndroidManifest.xml:23:13-66
	android:name
		ADDED from [com.google.android.gms:play-services-basement:18.1.0] AndroidManifest.xml:22:13-58
provider#androidx.startup.InitializationProvider
ADDED from [androidx.emoji2:emoji2:1.2.0] AndroidManifest.xml:24:9-32:20
MERGED from [androidx.lifecycle:lifecycle-process:2.4.1] AndroidManifest.xml:26:9-34:20
MERGED from [androidx.lifecycle:lifecycle-process:2.4.1] AndroidManifest.xml:26:9-34:20
MERGED from [androidx.startup:startup-runtime:1.1.1] AndroidManifest.xml:26:9-30:34
MERGED from [androidx.startup:startup-runtime:1.1.1] AndroidManifest.xml:26:9-30:34
	tools:node
		ADDED from [androidx.emoji2:emoji2:1.2.0] AndroidManifest.xml:28:13-31
	android:authorities
		ADDED from [androidx.emoji2:emoji2:1.2.0] AndroidManifest.xml:26:13-68
	android:exported
		ADDED from [androidx.emoji2:emoji2:1.2.0] AndroidManifest.xml:27:13-37
	android:name
		ADDED from [androidx.emoji2:emoji2:1.2.0] AndroidManifest.xml:25:13-67
meta-data#androidx.emoji2.text.EmojiCompatInitializer
ADDED from [androidx.emoji2:emoji2:1.2.0] AndroidManifest.xml:29:13-31:52
	android:value
		ADDED from [androidx.emoji2:emoji2:1.2.0] AndroidManifest.xml:31:17-49
	android:name
		ADDED from [androidx.emoji2:emoji2:1.2.0] AndroidManifest.xml:30:17-75
meta-data#androidx.lifecycle.ProcessLifecycleInitializer
ADDED from [androidx.lifecycle:lifecycle-process:2.4.1] AndroidManifest.xml:31:13-33:52
	android:value
		ADDED from [androidx.lifecycle:lifecycle-process:2.4.1] AndroidManifest.xml:33:17-49
	android:name
		ADDED from [androidx.lifecycle:lifecycle-process:2.4.1] AndroidManifest.xml:32:17-78